============================================================
  Generated by:           Genus(TM) Synthesis Solution 19.13-s073_1
  Generated on:           Aug 19 2025  05:43:11 pm
  Module:                 top_soc
  Technology libraries:   nangate45_0p8v revision 1.0
                          nangate45_0p9v revision 1.0
                          nangate45_1p2v revision 1.0
                          special_cells_45nm 
  Operating conditions:   typical (balanced_tree)
  Wireload mode:          enclosed
  Area mode:              timing library
============================================================

Timing
--------

  Clock    Period   
--------------------
clk_32k  30517600.0 
clk_main    10000.0 


  Cost     Critical         Violating 
  Group   Path Slack  TNS     Paths   
--------------------------------------
clk_32k     No paths   0.0            
clk_main    No paths   0.0            
default       8000.0   0.0          0 
--------------------------------------
Total                  0.0          0 

Instance Count
--------------
Leaf Instance Count             124 
Physical Instance count           0 
Sequential Instance Count         0 
Combinational Instance Count    124 
Hierarchical Instance Count       4 

Area
----
Cell Area                          110.656
Physical Cell Area                 0.000
Total Cell Area (Cell+Physical)    110.656
Net Area                           0.000
Total Area (Cell+Physical+Net)     110.656

Max Fanout                         37 (pwr_cpu_on)
Min Fanout                         0 (clk_32k)
Average Fanout                     1.5
Terms to net ratio                 1.6041
Terms to instance ratio            2.5484
Runtime                            8.958297 seconds
Elapsed Runtime                    42 seconds
Genus peak memory usage            943.93 
Innovus peak memory usage          no_value 
Hostname                           09vlab099.coe.neu.edu
