*----------------------------------------------------------------------------------------
*	Innovus 19.11-s128_1 (64bit) 08/20/2019 20:54 (Linux 2.6.32-431.11.2.el6.x86_64)
*	
*
* 	Date & Time:	2025-Aug-20 00:46:09 (2025-Aug-20 04:46:09 GMT)
*
*----------------------------------------------------------------------------------------
*
*	Design: top_soc
*
*	Liberty Libraries used: 
*	        view_0p8v: libs/multi_vdd/0p8v/lib/nangate45_0p8v.lib
*
*	Power Domain used: 
*              Rail:        VDD      Voltage:        1.1 
*
*       Power View : view_0p8v
*
*       User-Defined Activity : N.A.
*
*       Activity File: N.A.
*
*       Hierarchical Global Activity: N.A.
*
*       Global Activity: N.A.
*
*       Sequential Element Activity: 0.200000
*
*       Primary Input Activity: 0.200000
*
*       Default icg ratio: N.A.
*
*       Global Comb ClockGate Ratio: N.A.
*
*	Power Units = 1mW
*
*	Time Units = 1e-09 secs 
*
*       report_power -outfile work/pnr/reports/mvdd/power_analysis.rpt
*
-----------------------------------------------------------------------------------------


Total Power 
-----------------------------------------------------------------------------------------
Total Internal Power:        0.00090817 	   21.7121%
Total Switching Power:       0.00153537 	   36.7072%
Total Leakage Power:         0.00173922 	   41.5807%
Total Power:                 0.00418275 
-----------------------------------------------------------------------------------------


Group                           Internal   Switching     Leakage       Total  Percentage 
                                Power      Power         Power         Power  (%)        
-----------------------------------------------------------------------------------------
Sequential                             0           0           0           0           0 
Macro                                  0           0           0           0           0 
IO                                     0           0           0           0           0 
Combinational                  0.0009082    0.001535    0.001739    0.004183         100 
Clock (Combinational)                  0           0           0           0           0 
Clock (Sequential)                     0           0           0           0           0 
-----------------------------------------------------------------------------------------
Total                          0.0009082    0.001535    0.001739    0.004183         100 
-----------------------------------------------------------------------------------------


Rail                  Voltage   Internal   Switching     Leakage       Total  Percentage 
                                Power      Power         Power         Power  (%)        
-----------------------------------------------------------------------------------------
VDD                       1.1  0.0009082    0.001535    0.001739    0.004183         100 


-----------------------------------------------------------------------------------------
*	Power Distribution Summary: 
*                Highest Average Power:                u_cpu/g341 (BUF_X1):         0.000157 
*                Highest Leakage Power:          u_dsp/g224__3680 (AND2_X1):        2.507e-05 
*          Total Cap:      4.04607e-13 F
*          Total instances in design:    91
*          Total instances in design with no power:     0
*          Total instances in design with no activity:     0
*          Total Fillers and Decap:     0
-----------------------------------------------------------------------------------------

